#
# There is insufficient memory for the Java Runtime Environment to continue.
# Native memory allocation (mmap) failed to map 58720256 bytes. Error detail: G1 virtual space
# Possible reasons:
#   The system is out of physical RAM or swap space
#   This process is running with CompressedOops enabled, and the Java Heap may be blocking the growth of the native heap
# Possible solutions:
#   Reduce memory load on the system
#   Increase physical memory or swap space
#   Check if swap backing store is full
#   Decrease Java heap size (-Xmx/-Xms)
#   Decrease number of Java threads
#   Decrease Java thread stack sizes (-Xss)
#   Set larger code cache with -XX:ReservedCodeCacheSize=
#   JVM is running with Unscaled Compressed Oops mode in which the Java heap is
#     placed in the first 4GB address space. The Java Heap base address is the
#     maximum limit for the native heap growth. Please use -XX:HeapBaseMinAddress
#     to set the Java Heap base and to place the Java Heap above 4GB virtual address.
# This output file may be truncated or incomplete.
#
#  Out of Memory Error (os_windows.cpp:3613), pid=15332, tid=10288
#
# JRE version:  (17.0.11+9) (build )
# Java VM: OpenJDK 64-Bit Server VM (17.0.11+9-LTS, mixed mode, sharing, tiered, compressed oops, compressed class ptrs, g1 gc, windows-amd64)
# No core dump will be written. Minidumps are not enabled by default on client versions of Windows
#

---------------  S U M M A R Y ------------

Command Line: -Dfile.encoding=windows-1251 -Duser.country=RU -Duser.language=ru -Duser.variant com.example.butcher_shop.ButcherShopApplication

Host: AMD Ryzen 3 3250U with Radeon Graphics         , 4 cores, 3G,  Windows 10 , 64 bit Build 19041 (10.0.19041.3636)
Time: Mon May 13 04:54:40 2024 RTZ 2 (s 10 , 64 bit Build 19041 (10.0.19041.3636) elapsed time: 0.155215 seconds (0d 0h 0m 0s)

---------------  T H R E A D  ---------------

Current thread (0x000001eb54641bf0):  JavaThread "Unknown thread" [_thread_in_vm, id=10288, stack(0x0000006f40600000,0x0000006f40700000)]

Stack: [0x0000006f40600000,0x0000006f40700000]
Native frames: (J=compiled Java code, j=interpreted, Vv=VM code, C=native code)
V  [jvm.dll+0x67d009]
V  [jvm.dll+0x83489a]
V  [jvm.dll+0x83635e]
V  [jvm.dll+0x8369c3]
V  [jvm.dll+0x2479df]
V  [jvm.dll+0x679e49]
V  [jvm.dll+0x66e8ba]
V  [jvm.dll+0x30755b]
V  [jvm.dll+0x30ea06]
V  [jvm.dll+0x35e40e]
V  [jvm.dll+0x35e63f]
V  [jvm.dll+0x2de298]
V  [jvm.dll+0x2df204]
V  [jvm.dll+0x806221]
V  [jvm.dll+0x36c161]
V  [jvm.dll+0x7e4c56]
V  [jvm.dll+0x3ef9cf]
V  [jvm.dll+0x3f1521]
C  [jli.dll+0x528f]
C  [ucrtbase.dll+0x21bb2]
C  [KERNEL32.DLL+0x17344]
C  [ntdll.dll+0x526b1]


---------------  P R O C E S S  ---------------

Threads class SMR info:
_java_thread_list=0x00007ffd04adeed8, length=0, elements={
}

Java Threads: ( => current thread )

Other Threads:
  0x000001eb54679aa0 GCTaskThread "GC Thread#0" [stack: 0x0000006f40700000,0x0000006f40800000] [id=13776]
  0x000001eb54682750 ConcurrentGCThread "G1 Main Marker" [stack: 0x0000006f40800000,0x0000006f40900000] [id=2784]
  0x000001eb54683080 ConcurrentGCThread "G1 Conc#0" [stack: 0x0000006f40900000,0x0000006f40a00000] [id=11116]

[error occurred during error reporting (printing all threads), id 0xc0000005, EXCEPTION_ACCESS_VIOLATION (0xc0000005) at pc=0x00007ffd0429ecd7]

VM state: not at safepoint (not fully initialized)

VM Mutex/Monitor currently owned by a thread:  ([mutex/lock_event])
[0x000001eb5463cd00] Heap_lock - owner thread: 0x000001eb54641bf0

Heap address: 0x00000000c8e00000, size: 882 MB, Compressed Oops mode: 32-bit

CDS archive(s) mapped at: [0x0000000000000000-0x0000000000000000-0x0000000000000000), size 0, SharedBaseAddress: 0x0000000800000000, ArchiveRelocationMode: 1.
Narrow klass base: 0x0000000000000000, Narrow klass shift: 0, Narrow klass range: 0x0

GC Precious Log:
<Empty>

Heap:
 garbage-first heap   total 0K, used 0K [0x00000000c8e00000, 0x0000000100000000)
  region size 1024K, 0 young (0K), 0 survivors (0K)

[error occurred during error reporting (printing heap information), id 0xc0000005, EXCEPTION_ACCESS_VIOLATION (0xc0000005) at pc=0x00007ffd04686d29]

GC Heap History (0 events):
No events

Dll operation events (1 events):
Event: 0.113 Loaded shared library C:\Users\nadia\.jdks\corretto-17.0.11\bin\java.dll

Deoptimization events (0 events):
No events

Classes unloaded (0 events):
No events

Classes redefined (0 events):
No events

Internal exceptions (0 events):
No events

VM Operations (0 events):
No events

Events (0 events):
No events


Dynamic libraries:
0x00007ff6ec780000 - 0x00007ff6ec78e000 	C:\Users\nadia\.jdks\corretto-17.0.11\bin\java.exe
0x00007ffd56dd0000 - 0x00007ffd56fc8000 	C:\WINDOWS\SYSTEM32\ntdll.dll
0x00007ffd55560000 - 0x00007ffd5561d000 	C:\WINDOWS\System32\KERNEL32.DLL
0x00007ffd54880000 - 0x00007ffd54b76000 	C:\WINDOWS\System32\KERNELBASE.dll
0x00007ffd54bb0000 - 0x00007ffd54cb0000 	C:\WINDOWS\System32\ucrtbase.dll
0x00007ffd4e3c0000 - 0x00007ffd4e3d7000 	C:\Users\nadia\.jdks\corretto-17.0.11\bin\jli.dll
0x00007ffd415f0000 - 0x00007ffd4160b000 	C:\Users\nadia\.jdks\corretto-17.0.11\bin\VCRUNTIME140.dll
0x00007ffd56bc0000 - 0x00007ffd56d5f000 	C:\WINDOWS\System32\USER32.dll
0x00007ffd54b80000 - 0x00007ffd54ba2000 	C:\WINDOWS\System32\win32u.dll
0x00007ffd55ce0000 - 0x00007ffd55d0b000 	C:\WINDOWS\System32\GDI32.dll
0x00007ffd54cb0000 - 0x00007ffd54dc7000 	C:\WINDOWS\System32\gdi32full.dll
0x00007ffd545b0000 - 0x00007ffd5464d000 	C:\WINDOWS\System32\msvcp_win.dll
0x00007ffd44f80000 - 0x00007ffd4521a000 	C:\WINDOWS\WinSxS\amd64_microsoft.windows.common-controls_6595b64144ccf1df_6.0.19041.3636_none_60b6a03d71f818d5\COMCTL32.dll
0x00007ffd55e30000 - 0x00007ffd55ece000 	C:\WINDOWS\System32\msvcrt.dll
0x00007ffd55520000 - 0x00007ffd55552000 	C:\WINDOWS\System32\IMM32.DLL
0x00007ffd4e3b0000 - 0x00007ffd4e3bc000 	C:\Users\nadia\.jdks\corretto-17.0.11\bin\vcruntime140_1.dll
0x00007ffd414f0000 - 0x00007ffd4157d000 	C:\Users\nadia\.jdks\corretto-17.0.11\bin\msvcp140.dll
0x00007ffd03fb0000 - 0x00007ffd04c12000 	C:\Users\nadia\.jdks\corretto-17.0.11\bin\server\jvm.dll
0x00007ffd553c0000 - 0x00007ffd55470000 	C:\WINDOWS\System32\ADVAPI32.dll
0x00007ffd552a0000 - 0x00007ffd55340000 	C:\WINDOWS\System32\sechost.dll
0x00007ffd55bb0000 - 0x00007ffd55cd3000 	C:\WINDOWS\System32\RPCRT4.dll
0x00007ffd54790000 - 0x00007ffd547b7000 	C:\WINDOWS\System32\bcrypt.dll
0x00007ffd542b0000 - 0x00007ffd542fb000 	C:\WINDOWS\SYSTEM32\POWRPROF.dll
0x00007ffd4cea0000 - 0x00007ffd4cec7000 	C:\WINDOWS\SYSTEM32\WINMM.dll
0x00007ffd4fbf0000 - 0x00007ffd4fbf9000 	C:\WINDOWS\SYSTEM32\WSOCK32.dll
0x00007ffd4ced0000 - 0x00007ffd4ceda000 	C:\WINDOWS\SYSTEM32\VERSION.dll
0x00007ffd56380000 - 0x00007ffd563eb000 	C:\WINDOWS\System32\ws2_32.DLL
0x00007ffd54290000 - 0x00007ffd542a2000 	C:\WINDOWS\SYSTEM32\UMPDC.dll
0x00007ffd52c30000 - 0x00007ffd52c42000 	C:\WINDOWS\SYSTEM32\kernel.appcore.dll
0x00007ffd414e0000 - 0x00007ffd414ea000 	C:\Users\nadia\.jdks\corretto-17.0.11\bin\jimage.dll
0x00007ffd52a30000 - 0x00007ffd52c14000 	C:\WINDOWS\SYSTEM32\DBGHELP.DLL
0x00007ffd3be20000 - 0x00007ffd3be54000 	C:\WINDOWS\SYSTEM32\dbgcore.DLL
0x00007ffd54650000 - 0x00007ffd546d2000 	C:\WINDOWS\System32\bcryptPrimitives.dll
0x00007ffd3cc80000 - 0x00007ffd3cca5000 	C:\Users\nadia\.jdks\corretto-17.0.11\bin\java.dll

dbghelp: loaded successfully - version: 4.0.5 - missing functions: none
symbol engine: initialized successfully - sym options: 0x614 - pdb path: .;C:\Users\nadia\.jdks\corretto-17.0.11\bin;C:\WINDOWS\SYSTEM32;C:\WINDOWS\WinSxS\amd64_microsoft.windows.common-controls_6595b64144ccf1df_6.0.19041.3636_none_60b6a03d71f818d5;C:\Users\nadia\.jdks\corretto-17.0.11\bin\server

VM Arguments:
jvm_args: -Dfile.encoding=windows-1251 -Duser.country=RU -Duser.language=ru -Duser.variant 
java_command: com.example.butcher_shop.ButcherShopApplication
java_class_path (initial): C:\Android\butcher_shop\build\classes\java\main;C:\Android\butcher_shop\build\resources\main;C:\Users\nadia\.gradle\caches\modules-2\files-2.1\org.springframework.boot\spring-boot-devtools\3.2.4\ccd261700a4ff8e8f629a4d267f0b4f53ca17897\spring-boot-devtools-3.2.4.jar;C:\Users\nadia\.gradle\caches\modules-2\files-2.1\org.springframework.boot\spring-boot-starter-thymeleaf\3.2.4\db900acbd0bbeb7a8682fe6aeb477d17fe501ac1\spring-boot-starter-thymeleaf-3.2.4.jar;C:\Users\nadia\.gradle\caches\modules-2\files-2.1\org.springframework.boot\spring-boot-starter-web\3.2.4\a74df12b71060da7c8e87f9a8c2ef4ea43fc8017\spring-boot-starter-web-3.2.4.jar;C:\Users\nadia\.gradle\caches\modules-2\files-2.1\org.springframework.boot\spring-boot-starter-data-jpa\3.2.4\d8c5f393d9b18d96021b3e02d80e4356c5cbe0f7\spring-boot-starter-data-jpa-3.2.4.jar;C:\Users\nadia\.gradle\caches\modules-2\files-2.1\org.springframework.boot\spring-boot-starter-security\3.2.4\a1b9f09832c42c6c079be67bf3e7989c54a338ff\spring-boot-starter-security-3.2.4.jar;C:\Users\nadia\.gradle\caches\modules-2\files-2.1\org.springframework.security\spring-security-config\6.2.3\281d0393358b963147b5499789ad211f7362d460\spring-security-config-6.2.3.jar;C:\Users\nadia\.gradle\caches\modules-2\files-2.1\org.postgresql\postgresql\42.6.2\18c33c28326b2f81480833291b81f5eca080ab3c\postgresql-42.6.2.jar;C:\Users\nadia\.gradle\caches\modules-2\files-2.1\org.springframework.boot\spring-boot-starter-json\3.2.4\ef3f72369ce7f6f7a7b02c0b23e60ef5bdf581b1\spring-boot-starter-json-3.2.4.jar;C:\Users\nadia\.gradle\caches\modules-2\files-2.1\org.springframework.boot\spring-boot-starter-aop\3.2.4\11aedc0a23c43947608f2122eed08eabe5e2994c\spring-boot-starter-aop-3.2.4.jar;C:\Users\nadia\.gradle\caches\modules-2\files-2.1\org.springframework.boot\spring-boot-starter-jdbc\3.2.4\7dd399e7ba19d62cae32be6e20edac37ff8fcbc0\spring-boot-starter-jdbc-3.2.4.jar;C:\Users\nadia\.gradle\caches\modules-2\files-2.1\org.springframework.boot\sprin
Launcher Type: SUN_STANDARD

[Global flags]
     intx CICompilerCount                          = 3                                         {product} {ergonomic}
     uint ConcGCThreads                            = 1                                         {product} {ergonomic}
     uint G1ConcRefinementThreads                  = 4                                         {product} {ergonomic}
   size_t G1HeapRegionSize                         = 1048576                                   {product} {ergonomic}
    uintx GCDrainStackTargetSize                   = 64                                        {product} {ergonomic}
   size_t InitialHeapSize                          = 58720256                                  {product} {ergonomic}
   size_t MarkStackSize                            = 4194304                                   {product} {ergonomic}
   size_t MaxHeapSize                              = 924844032                                 {product} {ergonomic}
   size_t MinHeapDeltaBytes                        = 1048576                                   {product} {ergonomic}
   size_t MinHeapSize                              = 8388608                                   {product} {ergonomic}
    uintx NonNMethodCodeHeapSize                   = 5832780                                {pd product} {ergonomic}
    uintx NonProfiledCodeHeapSize                  = 122912730                              {pd product} {ergonomic}
    uintx ProfiledCodeHeapSize                     = 122912730                              {pd product} {ergonomic}
    uintx ReservedCodeCacheSize                    = 251658240                              {pd product} {ergonomic}
     bool SegmentedCodeCache                       = true                                      {product} {ergonomic}
   size_t SoftMaxHeapSize                          = 924844032                              {manageable} {ergonomic}
     bool UseCompressedClassPointers               = true                           {product lp64_product} {ergonomic}
     bool UseCompressedOops                        = true                           {product lp64_product} {ergonomic}
     bool UseG1GC                                  = true                                      {product} {ergonomic}
     bool UseLargePagesIndividualAllocation        = false                                  {pd product} {ergonomic}

Logging:
Log output configuration:
 #0: stdout all=warning uptime,level,tags
 #1: stderr all=off uptime,level,tags

Environment Variables:
JAVA_HOME=C:\Users\nadia\.jdks\corretto-17.0.11
PATH=C:\Users\nadia\.jdks\corretto-17.0.11\bin;C:\WINDOWS\system32;C:\WINDOWS;C:\WINDOWS\System32\Wbem;C:\WINDOWS\System32\WindowsPowerShell\v1.0\;C:\WINDOWS\System32\OpenSSH\;C:\Program Files (x86)\dotnet\;C:\Strawberry\c\bin;C:\Strawberry\perl\site\bin;C:\Strawberry\perl\bin;C:\MinGW\bin;C:\Program Files\Graphviz\bin;C:\Program Files\Docker\Docker\resources\bin;C:\Program Files\Git\cmd;C:\Users\nadia\gradle-8.7\bin;C:\Program Files\Common Files\Oracle\Java\javapath;C:\ProgramData\Oracle\Java\javapath;C:\Program Files\Microsoft\jdk-11.0.12.7-hotspot\bin;C:\WINDOWS\system32;C:\WINDOWS;C:\WINDOWS\System32\Wbem;C:\WINDOWS\System32\WindowsPowerShell\v1.0\;C:\WINDOWS\System32\OpenSSH\;C:\Program Files (x86)\dotnet\;C:\Strawberry\c\bin;C:\Strawberry\perl\site\bin;C:\Strawberry\perl\bin;C:\MinGW\bin;C:\Users\nadia\AppData\Local\Programs\Python\Python310\Scripts\;C:\Users\nadia\AppData\Local\Programs\Python\Python310\;C:\Users\nadia\AppData\Local\Microsoft\WindowsApps;C:\Users\nadia\AppData\Local\Programs\Microsoft VS Code\bin;C:\Program Files\JetBrains\IntelliJ IDEA Community Edition 2023.2.1\bin;C:\Program Files\7-Zip;C:\Users\nadia\AppData\Local\GitHubDesktop\bin
USERNAME=nadia
OS=Windows_NT
PROCESSOR_IDENTIFIER=AMD64 Family 23 Model 24 Stepping 1, AuthenticAMD
TMP=C:\Users\nadia\AppData\Local\Temp
TEMP=C:\Users\nadia\AppData\Local\Temp



Periodic native trim disabled


---------------  S Y S T E M  ---------------

OS:
 Windows 10 , 64 bit Build 19041 (10.0.19041.3636)
OS uptime: 0 days 2:22 hours
Hyper-V role detected

CPU: total 4 (initial active 4) (4 cores per cpu, 2 threads per core) family 23 model 24 stepping 1 microcode 0x0, cx8, cmov, fxsr, ht, mmx, 3dnowpref, sse, sse2, sse3, ssse3, sse4a, sse4.1, sse4.2, popcnt, lzcnt, tsc, tscinvbit, avx, avx2, aes, clmul, bmi1, bmi2, adx, sha, fma, vzeroupper, clflush, clflushopt, hv
Processor Information for all 4 processors :
  Max Mhz: 2600, Current Mhz: 2600, Mhz Limit: 2600

Memory: 4k page, system-wide physical 3521M (139M free)
TotalPageFile size 14273M (AvailPageFile size 30M)
current process WorkingSet (physical memory assigned to process): 10M, peak: 10M
current process commit charge ("private bytes"): 51M, peak: 107M

vm_info: OpenJDK 64-Bit Server VM (17.0.11+9-LTS) for windows-amd64 JRE (17.0.11+9-LTS), built on Apr 10 2024 22:12:24 by "Administrator" with MS VC++ 16.10 / 16.11 (VS2019)

END.
